<?xml version="1.0" encoding="UTF-8"?>
<testsuite xmlns:xsi="http://www.w3.org/2001/XMLSchema-instance" xsi:noNamespaceSchemaLocation="https://maven.apache.org/surefire/maven-surefire-plugin/xsd/surefire-test-report.xsd" version="3.0.2" name="hello.SpdockerApplicationTests" time="3.656" tests="1" errors="0" skipped="0" failures="0">
  <properties>
[...]
</properties>
  <testcase name="contextLoads" classname="hello.SpdockerApplicationTests" time="0.864">
    <system-out><![CDATA[15:39:42.554 [main] INFO org.springframework.test.context.support.AnnotationConfigContextLoaderUtils -- Could not detect default configuration classes for test class [hello.SpdockerApplicationTests]: SpdockerApplicationTests does not declare any static, non-private, non-final, nested classes annotated with @Configuration.
15:39:42.708 [main] INFO org.springframework.boot.test.context.SpringBootTestContextBootstrapper -- Found @SpringBootConfiguration hello.Application for test class hello.SpdockerApplicationTests

  .   ____          _            __ _ _
 /\\ / ___'_ __ _ _(_)_ __  __ _ \ \ \ \
( ( )\___ | '_ | '_| | '_ \/ _` | \ \ \ \
 \\/  ___)| |_)| | | | | || (_| |  ) ) ) )
  '  |____| .__|_| |_|_| |_\__, | / / / /
 =========|_|==============|___/=/_/_/_/

 :: Spring Boot ::                (v3.4.3)

2025-03-18T15:39:43.296+07:00  INFO 10452 --- [spdocker] [           main] hello.SpdockerApplicationTests           : Starting SpdockerApplicationTests using Java 17.0.6 with PID 10452 (started by zedshensinged in D:\E\spdocker)
2025-03-18T15:39:43.298+07:00  INFO 10452 --- [spdocker] [           main] hello.SpdockerApplicationTests           : No active profile set, falling back to 1 default profile: "default"
2025-03-18T15:39:45.095+07:00  INFO 10452 --- [spdocker] [           main] hello.SpdockerApplicationTests           : Started SpdockerApplicationTests in 2.163 seconds (process running for 3.486)
]]></system-out>
  </testcase>
</testsuite>